<?xml version="1.0" encoding="UTF-8"?>
<testsuite xmlns:xsi="http://www.w3.org/2001/XMLSchema-instance" xsi:noNamespaceSchemaLocation="https://maven.apache.org/surefire/maven-surefire-plugin/xsd/surefire-test-report-3.0.xsd" version="3.0" name="com.vytdev.AppTest" time="0.117" tests="1" errors="0" skipped="0" failures="0">
  <properties>
    <property name="java.specification.version" value="17"/>
    <property name="sun.jnu.encoding" value="UTF-8"/>
    <property name="java.class.path" value="/storage/4451-1910/workspace/com.vytdev.testPlugin/testPlugin/target/test-classes:/storage/4451-1910/workspace/com.vytdev.testPlugin/testPlugin/target/classes:/data/data/com.termux/files/home/.m2/repository/org/spigotmc/spigot-api/1.20.4-R0.1-SNAPSHOT/spigot-api-1.20.4-R0.1-SNAPSHOT.jar:/data/data/com.termux/files/home/.m2/repository/com/google/guava/guava/32.1.2-jre/guava-32.1.2-jre.jar:/data/data/com.termux/files/home/.m2/repository/com/google/guava/failureaccess/1.0.1/failureaccess-1.0.1.jar:/data/data/com.termux/files/home/.m2/repository/com/google/guava/listenablefuture/9999.0-empty-to-avoid-conflict-with-guava/listenablefuture-9999.0-empty-to-avoid-conflict-with-guava.jar:/data/data/com.termux/files/home/.m2/repository/com/google/code/findbugs/jsr305/3.0.2/jsr305-3.0.2.jar:/data/data/com.termux/files/home/.m2/repository/org/checkerframework/checker-qual/3.33.0/checker-qual-3.33.0.jar:/data/data/com.termux/files/home/.m2/repository/com/google/errorprone/error_prone_annotations/2.18.0/error_prone_annotations-2.18.0.jar:/data/data/com.termux/files/home/.m2/repository/com/google/j2objc/j2objc-annotations/2.8/j2objc-annotations-2.8.jar:/data/data/com.termux/files/home/.m2/repository/com/google/code/gson/gson/2.10.1/gson-2.10.1.jar:/data/data/com.termux/files/home/.m2/repository/org/joml/joml/1.10.5/joml-1.10.5.jar:/data/data/com.termux/files/home/.m2/repository/net/md-5/bungeecord-chat/1.20-R0.1/bungeecord-chat-1.20-R0.1.jar:/data/data/com.termux/files/home/.m2/repository/org/yaml/snakeyaml/2.2/snakeyaml-2.2.jar:/data/data/com.termux/files/home/.m2/repository/me/lucko/spark-api/0.1-SNAPSHOT/spark-api-0.1-SNAPSHOT.jar:/data/data/com.termux/files/home/.m2/repository/junit/junit/3.8.1/junit-3.8.1.jar:"/>
    <property name="java.vm.vendor" value="Oracle Corporation"/>
    <property name="sun.arch.data.model" value="32"/>
    <property name="java.vendor.url" value="https://openjdk.java.net/"/>
    <property name="os.name" value="Linux"/>
    <property name="java.vm.specification.version" value="17"/>
    <property name="sun.java.launcher" value="SUN_STANDARD"/>
    <property name="sun.boot.library.path" value="/data/data/com.termux/files/usr/opt/openjdk/lib"/>
    <property name="sun.java.command" value="/storage/4451-1910/workspace/com.vytdev.testPlugin/testPlugin/target/surefire/surefirebooter-20240113062123806_3.jar /storage/4451-1910/workspace/com.vytdev.testPlugin/testPlugin/target/surefire 2024-01-13T06-21-22_256-jvmRun1 surefire-20240113062123806_1tmp surefire_0-20240113062123806_2tmp"/>
    <property name="jdk.debug" value="release"/>
    <property name="surefire.test.class.path" value="/storage/4451-1910/workspace/com.vytdev.testPlugin/testPlugin/target/test-classes:/storage/4451-1910/workspace/com.vytdev.testPlugin/testPlugin/target/classes:/data/data/com.termux/files/home/.m2/repository/org/spigotmc/spigot-api/1.20.4-R0.1-SNAPSHOT/spigot-api-1.20.4-R0.1-SNAPSHOT.jar:/data/data/com.termux/files/home/.m2/repository/com/google/guava/guava/32.1.2-jre/guava-32.1.2-jre.jar:/data/data/com.termux/files/home/.m2/repository/com/google/guava/failureaccess/1.0.1/failureaccess-1.0.1.jar:/data/data/com.termux/files/home/.m2/repository/com/google/guava/listenablefuture/9999.0-empty-to-avoid-conflict-with-guava/listenablefuture-9999.0-empty-to-avoid-conflict-with-guava.jar:/data/data/com.termux/files/home/.m2/repository/com/google/code/findbugs/jsr305/3.0.2/jsr305-3.0.2.jar:/data/data/com.termux/files/home/.m2/repository/org/checkerframework/checker-qual/3.33.0/checker-qual-3.33.0.jar:/data/data/com.termux/files/home/.m2/repository/com/google/errorprone/error_prone_annotations/2.18.0/error_prone_annotations-2.18.0.jar:/data/data/com.termux/files/home/.m2/repository/com/google/j2objc/j2objc-annotations/2.8/j2objc-annotations-2.8.jar:/data/data/com.termux/files/home/.m2/repository/com/google/code/gson/gson/2.10.1/gson-2.10.1.jar:/data/data/com.termux/files/home/.m2/repository/org/joml/joml/1.10.5/joml-1.10.5.jar:/data/data/com.termux/files/home/.m2/repository/net/md-5/bungeecord-chat/1.20-R0.1/bungeecord-chat-1.20-R0.1.jar:/data/data/com.termux/files/home/.m2/repository/org/yaml/snakeyaml/2.2/snakeyaml-2.2.jar:/data/data/com.termux/files/home/.m2/repository/me/lucko/spark-api/0.1-SNAPSHOT/spark-api-0.1-SNAPSHOT.jar:/data/data/com.termux/files/home/.m2/repository/junit/junit/3.8.1/junit-3.8.1.jar:"/>
    <property name="sun.cpu.endian" value="little"/>
    <property name="user.home" value="/data/data/com.termux/files/home"/>
    <property name="user.language" value="en"/>
    <property name="java.specification.vendor" value="Oracle Corporation"/>
    <property name="java.version.date" value="2021-09-14"/>
    <property name="java.home" value="/data/data/com.termux/files/usr/opt/openjdk"/>
    <property name="file.separator" value="/"/>
    <property name="basedir" value="/storage/4451-1910/workspace/com.vytdev.testPlugin/testPlugin"/>
    <property name="line.separator" value="&#10;"/>
    <property name="java.vm.specification.vendor" value="Oracle Corporation"/>
    <property name="java.specification.name" value="Java Platform API Specification"/>
    <property name="surefire.real.class.path" value="/storage/4451-1910/workspace/com.vytdev.testPlugin/testPlugin/target/surefire/surefirebooter-20240113062123806_3.jar"/>
    <property name="sun.management.compiler" value="HotSpot Tiered Compilers"/>
    <property name="java.runtime.version" value="17-internal+0-adhoc..src"/>
    <property name="user.name" value="u0_a157"/>
    <property name="path.separator" value=":"/>
    <property name="os.version" value="4.9.117+"/>
    <property name="java.runtime.name" value="OpenJDK Runtime Environment"/>
    <property name="file.encoding" value="UTF-8"/>
    <property name="java.vm.name" value="OpenJDK Server VM"/>
    <property name="localRepository" value="/data/data/com.termux/files/home/.m2/repository"/>
    <property name="java.vendor.url.bug" value="https://bugreport.java.com/bugreport/"/>
    <property name="java.io.tmpdir" value="/data/data/com.termux/files/usr/tmp/"/>
    <property name="java.version" value="17-internal"/>
    <property name="user.dir" value="/storage/4451-1910/workspace/com.vytdev.testPlugin/testPlugin"/>
    <property name="os.arch" value="arm"/>
    <property name="java.vm.specification.name" value="Java Virtual Machine Specification"/>
    <property name="native.encoding" value="UTF-8"/>
    <property name="java.library.path" value="/data/data/com.termux/files/usr/java/packages/lib:/data/data/com.termux/files/usr/lib"/>
    <property name="java.vm.info" value="mixed mode"/>
    <property name="java.vendor" value="N/A"/>
    <property name="java.vm.version" value="17-internal+0-adhoc..src"/>
    <property name="sun.arch.abi" value=""/>
    <property name="sun.io.unicode.encoding" value="UnicodeLittle"/>
    <property name="java.class.version" value="61.0"/>
  </properties>
  <testcase name="testApp" classname="com.vytdev.AppTest" time="0.013"/>
</testsuite>